android/app/build/intermediates/manifest_merge_blame_file/debug/manifest-merger-blame-debug-report.txt
1<?xml version="1.0" encoding="utf-8"?>
2<manifest xmlns:android="http://schemas.android.com/apk/res/android"
3    package="com.exo9"
4    android:versionCode="1"
5    android:versionName="1.0" >
6
7    <uses-sdk
8        android:minSdkVersion="21"
9        android:targetSdkVersion="34" />
10
11    <uses-permission android:name="android.permission.INTERNET" />
11-->src\main\AndroidManifest.xml:3:5-67
11-->src\main\AndroidManifest.xml:3:22-64
12    <uses-permission android:name="android.permission.ACCESS_NETWORK_STATE" />
12-->[:sentry_react-native] AndroidManifest.xml:8:5-79
12-->[:sentry_react-native] AndroidManifest.xml:8:22-76
13    <!--
14    This manifest file is used only by Gradle to configure debug-only capabilities
15    for React Native Apps.
16    -->
17    <uses-permission android:name="android.permission.SYSTEM_ALERT_WINDOW" />
17-->[com.facebook.react:react-android:0.73.4] AndroidManifest.xml:16:5-78
17-->[com.facebook.react:react-android:0.73.4] AndroidManifest.xml:16:22-75
18    <uses-permission android:name="android.permission.ACCESS_WIFI_STATE" />
18-->[com.facebook.flipper:flipper:0.201.0] AndroidManifest.xml:14:5-76
18-->[com.facebook.flipper:flipper:0.201.0] AndroidManifest.xml:14:22-73
19
20    <permission
20-->[androidx.core:core:1.9.0] AndroidManifest.xml:22:5-24:47
21        android:name="com.exo9.DYNAMIC_RECEIVER_NOT_EXPORTED_PERMISSION"
21-->[androidx.core:core:1.9.0] AndroidManifest.xml:23:9-81
22        android:protectionLevel="signature" />
22-->[androidx.core:core:1.9.0] AndroidManifest.xml:24:9-44
23
24    <uses-permission android:name="com.exo9.DYNAMIC_RECEIVER_NOT_EXPORTED_PERMISSION" />
24-->[androidx.core:core:1.9.0] AndroidManifest.xml:26:5-97
24-->[androidx.core:core:1.9.0] AndroidManifest.xml:26:22-94
25
26    <application
26-->src\main\AndroidManifest.xml:5:5-24:19
27        android:name="com.exo9.MainApplication"
27-->src\main\AndroidManifest.xml:6:7-38
28        android:allowBackup="false"
28-->src\main\AndroidManifest.xml:10:7-34
29        android:appComponentFactory="androidx.core.app.CoreComponentFactory"
29-->[androidx.core:core:1.9.0] AndroidManifest.xml:28:18-86
30        android:debuggable="true"
31        android:extractNativeLibs="true"
32        android:icon="@mipmap/ic_launcher"
32-->src\main\AndroidManifest.xml:8:7-41
33        android:label="@string/app_name"
33-->src\main\AndroidManifest.xml:7:7-39
34        android:roundIcon="@mipmap/ic_launcher_round"
34-->src\main\AndroidManifest.xml:9:7-52
35        android:theme="@style/AppTheme"
35-->src\main\AndroidManifest.xml:11:7-38
36        android:usesCleartextTraffic="true" >
36-->src\debug\AndroidManifest.xml:6:9-44
37        <activity
37-->src\main\AndroidManifest.xml:12:7-23:18
38            android:name="com.exo9.MainActivity"
38-->src\main\AndroidManifest.xml:13:9-37
39            android:configChanges="keyboard|keyboardHidden|orientation|screenLayout|screenSize|smallestScreenSize|uiMode"
39-->src\main\AndroidManifest.xml:15:9-118
40            android:exported="true"
40-->src\main\AndroidManifest.xml:18:9-32
41            android:label="@string/app_name"
41-->src\main\AndroidManifest.xml:14:9-41
42            android:launchMode="singleTask"
42-->src\main\AndroidManifest.xml:16:9-40
43            android:windowSoftInputMode="adjustResize" >
43-->src\main\AndroidManifest.xml:17:9-51
44            <intent-filter>
44-->src\main\AndroidManifest.xml:19:9-22:25
45                <action android:name="android.intent.action.MAIN" />
45-->src\main\AndroidManifest.xml:20:13-65
45-->src\main\AndroidManifest.xml:20:21-62
46
47                <category android:name="android.intent.category.LAUNCHER" />
47-->src\main\AndroidManifest.xml:21:13-73
47-->src\main\AndroidManifest.xml:21:23-70
48            </intent-filter>
49        </activity>
50
51        <meta-data
51-->[:sentry_react-native] AndroidManifest.xml:11:9-13:37
52            android:name="io.sentry.auto-init"
52-->[:sentry_react-native] AndroidManifest.xml:12:13-47
53            android:value="false" />
53-->[:sentry_react-native] AndroidManifest.xml:13:13-34
54
55        <activity
55-->[com.facebook.react:react-android:0.73.4] AndroidManifest.xml:19:9-21:40
56            android:name="com.facebook.react.devsupport.DevSettingsActivity"
56-->[com.facebook.react:react-android:0.73.4] AndroidManifest.xml:20:13-77
57            android:exported="false" />
57-->[com.facebook.react:react-android:0.73.4] AndroidManifest.xml:21:13-37
58
59        <provider
59-->[androidx.emoji2:emoji2:1.2.0] AndroidManifest.xml:24:9-32:20
60            android:name="androidx.startup.InitializationProvider"
60-->[androidx.emoji2:emoji2:1.2.0] AndroidManifest.xml:25:13-67
61            android:authorities="com.exo9.androidx-startup"
61-->[androidx.emoji2:emoji2:1.2.0] AndroidManifest.xml:26:13-68
62            android:exported="false" >
62-->[androidx.emoji2:emoji2:1.2.0] AndroidManifest.xml:27:13-37
63            <meta-data
63-->[androidx.emoji2:emoji2:1.2.0] AndroidManifest.xml:29:13-31:52
64                android:name="androidx.emoji2.text.EmojiCompatInitializer"
64-->[androidx.emoji2:emoji2:1.2.0] AndroidManifest.xml:30:17-75
65                android:value="androidx.startup" />
65-->[androidx.emoji2:emoji2:1.2.0] AndroidManifest.xml:31:17-49
66            <meta-data
66-->[androidx.lifecycle:lifecycle-process:2.4.1] AndroidManifest.xml:31:13-33:52
67                android:name="androidx.lifecycle.ProcessLifecycleInitializer"
67-->[androidx.lifecycle:lifecycle-process:2.4.1] AndroidManifest.xml:32:17-78
68                android:value="androidx.startup" />
68-->[androidx.lifecycle:lifecycle-process:2.4.1] AndroidManifest.xml:33:17-49
69        </provider> <!-- 'android:authorities' must be unique in the device, across all apps -->
70        <provider
70-->[io.sentry:sentry-android-core:6.34.0] AndroidManifest.xml:12:9-15:40
71            android:name="io.sentry.android.core.SentryInitProvider"
71-->[io.sentry:sentry-android-core:6.34.0] AndroidManifest.xml:13:13-69
72            android:authorities="com.exo9.SentryInitProvider"
72-->[io.sentry:sentry-android-core:6.34.0] AndroidManifest.xml:14:13-70
73            android:exported="false" />
73-->[io.sentry:sentry-android-core:6.34.0] AndroidManifest.xml:15:13-37
74        <provider
74-->[io.sentry:sentry-android-core:6.34.0] AndroidManifest.xml:16:9-20:39
75            android:name="io.sentry.android.core.SentryPerformanceProvider"
75-->[io.sentry:sentry-android-core:6.34.0] AndroidManifest.xml:17:13-76
76            android:authorities="com.exo9.SentryPerformanceProvider"
76-->[io.sentry:sentry-android-core:6.34.0] AndroidManifest.xml:18:13-77
77            android:exported="false"
77-->[io.sentry:sentry-android-core:6.34.0] AndroidManifest.xml:19:13-37
78            android:initOrder="200" />
78-->[io.sentry:sentry-android-core:6.34.0] AndroidManifest.xml:20:13-36
79
80        <meta-data
80-->[com.facebook.soloader:soloader:0.10.5] AndroidManifest.xml:12:9-14:37
81            android:name="com.facebook.soloader.enabled"
81-->[com.facebook.soloader:soloader:0.10.5] AndroidManifest.xml:13:13-57
82            android:value="false" />
82-->[com.facebook.soloader:soloader:0.10.5] AndroidManifest.xml:14:13-34
83    </application>
84
85</manifest>